:dependencies

------------------------------------------------------------
Root project
------------------------------------------------------------

archives - Configuration for archive artifacts.
No dependencies

compile - Dependencies for source set 'main'.
+--- org.springframework.boot:spring-boot-starter-activemq: -> 1.5.3.RELEASE
|    +--- org.springframework.boot:spring-boot-starter:1.5.3.RELEASE
|    |    +--- org.springframework.boot:spring-boot:1.5.3.RELEASE
|    |    |    +--- org.springframework:spring-core:4.3.8.RELEASE
|    |    |    \--- org.springframework:spring-context:4.3.8.RELEASE
|    |    |         +--- org.springframework:spring-aop:4.3.8.RELEASE
|    |    |         |    +--- org.springframework:spring-beans:4.3.8.RELEASE
|    |    |         |    |    \--- org.springframework:spring-core:4.3.8.RELEASE
|    |    |         |    \--- org.springframework:spring-core:4.3.8.RELEASE
|    |    |         +--- org.springframework:spring-beans:4.3.8.RELEASE (*)
|    |    |         +--- org.springframework:spring-core:4.3.8.RELEASE
|    |    |         \--- org.springframework:spring-expression:4.3.8.RELEASE
|    |    |              \--- org.springframework:spring-core:4.3.8.RELEASE
|    |    +--- org.springframework.boot:spring-boot-autoconfigure:1.5.3.RELEASE
|    |    |    \--- org.springframework.boot:spring-boot:1.5.3.RELEASE (*)
|    |    +--- org.springframework.boot:spring-boot-starter-logging:1.5.3.RELEASE
|    |    |    +--- ch.qos.logback:logback-classic:1.1.11
|    |    |    |    +--- ch.qos.logback:logback-core:1.1.11
|    |    |    |    \--- org.slf4j:slf4j-api:1.7.22 -> 1.7.25
|    |    |    +--- org.slf4j:jcl-over-slf4j:1.7.25
|    |    |    |    \--- org.slf4j:slf4j-api:1.7.25
|    |    |    +--- org.slf4j:jul-to-slf4j:1.7.25
|    |    |    |    \--- org.slf4j:slf4j-api:1.7.25
|    |    |    \--- org.slf4j:log4j-over-slf4j:1.7.25
|    |    |         \--- org.slf4j:slf4j-api:1.7.25
|    |    +--- org.springframework:spring-core:4.3.8.RELEASE
|    |    \--- org.yaml:snakeyaml:1.17
|    +--- org.springframework:spring-jms:4.3.8.RELEASE
|    |    +--- org.springframework:spring-aop:4.3.8.RELEASE (*)
|    |    +--- org.springframework:spring-beans:4.3.8.RELEASE (*)
|    |    +--- org.springframework:spring-context:4.3.8.RELEASE (*)
|    |    +--- org.springframework:spring-core:4.3.8.RELEASE
|    |    +--- org.springframework:spring-messaging:4.3.8.RELEASE
|    |    |    +--- org.springframework:spring-beans:4.3.8.RELEASE (*)
|    |    |    +--- org.springframework:spring-context:4.3.8.RELEASE (*)
|    |    |    \--- org.springframework:spring-core:4.3.8.RELEASE
|    |    \--- org.springframework:spring-tx:4.3.8.RELEASE
|    |         +--- org.springframework:spring-beans:4.3.8.RELEASE (*)
|    |         \--- org.springframework:spring-core:4.3.8.RELEASE
|    \--- org.apache.activemq:activemq-broker:5.14.5
|         +--- org.apache.activemq:activemq-client:5.14.5
|         |    +--- org.slf4j:slf4j-api:1.7.13 -> 1.7.25
|         |    +--- org.apache.geronimo.specs:geronimo-jms_1.1_spec:1.1.1
|         |    +--- org.fusesource.hawtbuf:hawtbuf:1.11
|         |    \--- org.apache.geronimo.specs:geronimo-j2ee-management_1.1_spec:1.0.1
|         \--- org.apache.activemq:activemq-openwire-legacy:5.14.5
|              \--- org.apache.activemq:activemq-client:5.14.5 (*)
+--- org.springframework.boot:spring-boot-starter-web: -> 1.5.3.RELEASE
|    +--- org.springframework.boot:spring-boot-starter:1.5.3.RELEASE (*)
|    +--- org.springframework.boot:spring-boot-starter-tomcat:1.5.3.RELEASE
|    |    +--- org.apache.tomcat.embed:tomcat-embed-core:8.5.14
|    |    +--- org.apache.tomcat.embed:tomcat-embed-el:8.5.14
|    |    \--- org.apache.tomcat.embed:tomcat-embed-websocket:8.5.14
|    |         \--- org.apache.tomcat.embed:tomcat-embed-core:8.5.14
|    +--- org.hibernate:hibernate-validator:5.3.5.Final
|    |    +--- javax.validation:validation-api:1.1.0.Final
|    |    +--- org.jboss.logging:jboss-logging:3.3.0.Final -> 3.3.1.Final
|    |    \--- com.fasterxml:classmate:1.3.1 -> 1.3.3
|    +--- com.fasterxml.jackson.core:jackson-databind:2.8.8
|    |    +--- com.fasterxml.jackson.core:jackson-annotations:2.8.0
|    |    \--- com.fasterxml.jackson.core:jackson-core:2.8.8
|    +--- org.springframework:spring-web:4.3.8.RELEASE
|    |    +--- org.springframework:spring-aop:4.3.8.RELEASE (*)
|    |    +--- org.springframework:spring-beans:4.3.8.RELEASE (*)
|    |    +--- org.springframework:spring-context:4.3.8.RELEASE (*)
|    |    \--- org.springframework:spring-core:4.3.8.RELEASE
|    \--- org.springframework:spring-webmvc:4.3.8.RELEASE
|         +--- org.springframework:spring-aop:4.3.8.RELEASE (*)
|         +--- org.springframework:spring-beans:4.3.8.RELEASE (*)
|         +--- org.springframework:spring-context:4.3.8.RELEASE (*)
|         +--- org.springframework:spring-core:4.3.8.RELEASE
|         +--- org.springframework:spring-expression:4.3.8.RELEASE (*)
|         \--- org.springframework:spring-web:4.3.8.RELEASE (*)
+--- org.jolokia:jolokia-core:1.3.6
|    \--- com.googlecode.json-simple:json-simple:1.1.1
+--- org.apache.activemq:activemq-broker: -> 5.14.5 (*)
\--- com.fasterxml.jackson.core:jackson-databind: -> 2.8.8 (*)

compileClasspath - Compile classpath for source set 'main'.
+--- org.springframework.boot:spring-boot-starter-activemq: -> 1.5.3.RELEASE
|    +--- org.springframework.boot:spring-boot-starter:1.5.3.RELEASE
|    |    +--- org.springframework.boot:spring-boot:1.5.3.RELEASE
|    |    |    +--- org.springframework:spring-core:4.3.8.RELEASE
|    |    |    \--- org.springframework:spring-context:4.3.8.RELEASE
|    |    |         +--- org.springframework:spring-aop:4.3.8.RELEASE
|    |    |         |    +--- org.springframework:spring-beans:4.3.8.RELEASE
|    |    |         |    |    \--- org.springframework:spring-core:4.3.8.RELEASE
|    |    |         |    \--- org.springframework:spring-core:4.3.8.RELEASE
|    |    |         +--- org.springframework:spring-beans:4.3.8.RELEASE (*)
|    |    |         +--- org.springframework:spring-core:4.3.8.RELEASE
|    |    |         \--- org.springframework:spring-expression:4.3.8.RELEASE
|    |    |              \--- org.springframework:spring-core:4.3.8.RELEASE
|    |    +--- org.springframework.boot:spring-boot-autoconfigure:1.5.3.RELEASE
|    |    |    \--- org.springframework.boot:spring-boot:1.5.3.RELEASE (*)
|    |    +--- org.springframework.boot:spring-boot-starter-logging:1.5.3.RELEASE
|    |    |    +--- ch.qos.logback:logback-classic:1.1.11
|    |    |    |    +--- ch.qos.logback:logback-core:1.1.11
|    |    |    |    \--- org.slf4j:slf4j-api:1.7.22 -> 1.7.25
|    |    |    +--- org.slf4j:jcl-over-slf4j:1.7.25
|    |    |    |    \--- org.slf4j:slf4j-api:1.7.25
|    |    |    +--- org.slf4j:jul-to-slf4j:1.7.25
|    |    |    |    \--- org.slf4j:slf4j-api:1.7.25
|    |    |    \--- org.slf4j:log4j-over-slf4j:1.7.25
|    |    |         \--- org.slf4j:slf4j-api:1.7.25
|    |    +--- org.springframework:spring-core:4.3.8.RELEASE
|    |    \--- org.yaml:snakeyaml:1.17
|    +--- org.springframework:spring-jms:4.3.8.RELEASE
|    |    +--- org.springframework:spring-aop:4.3.8.RELEASE (*)
|    |    +--- org.springframework:spring-beans:4.3.8.RELEASE (*)
|    |    +--- org.springframework:spring-context:4.3.8.RELEASE (*)
|    |    +--- org.springframework:spring-core:4.3.8.RELEASE
|    |    +--- org.springframework:spring-messaging:4.3.8.RELEASE
|    |    |    +--- org.springframework:spring-beans:4.3.8.RELEASE (*)
|    |    |    +--- org.springframework:spring-context:4.3.8.RELEASE (*)
|    |    |    \--- org.springframework:spring-core:4.3.8.RELEASE
|    |    \--- org.springframework:spring-tx:4.3.8.RELEASE
|    |         +--- org.springframework:spring-beans:4.3.8.RELEASE (*)
|    |         \--- org.springframework:spring-core:4.3.8.RELEASE
|    \--- org.apache.activemq:activemq-broker:5.14.5
|         +--- org.apache.activemq:activemq-client:5.14.5
|         |    +--- org.slf4j:slf4j-api:1.7.13 -> 1.7.25
|         |    +--- org.apache.geronimo.specs:geronimo-jms_1.1_spec:1.1.1
|         |    +--- org.fusesource.hawtbuf:hawtbuf:1.11
|         |    \--- org.apache.geronimo.specs:geronimo-j2ee-management_1.1_spec:1.0.1
|         \--- org.apache.activemq:activemq-openwire-legacy:5.14.5
|              \--- org.apache.activemq:activemq-client:5.14.5 (*)
+--- org.springframework.boot:spring-boot-starter-web: -> 1.5.3.RELEASE
|    +--- org.springframework.boot:spring-boot-starter:1.5.3.RELEASE (*)
|    +--- org.springframework.boot:spring-boot-starter-tomcat:1.5.3.RELEASE
|    |    +--- org.apache.tomcat.embed:tomcat-embed-core:8.5.14
|    |    +--- org.apache.tomcat.embed:tomcat-embed-el:8.5.14
|    |    \--- org.apache.tomcat.embed:tomcat-embed-websocket:8.5.14
|    |         \--- org.apache.tomcat.embed:tomcat-embed-core:8.5.14
|    +--- org.hibernate:hibernate-validator:5.3.5.Final
|    |    +--- javax.validation:validation-api:1.1.0.Final
|    |    +--- org.jboss.logging:jboss-logging:3.3.0.Final -> 3.3.1.Final
|    |    \--- com.fasterxml:classmate:1.3.1 -> 1.3.3
|    +--- com.fasterxml.jackson.core:jackson-databind:2.8.8
|    |    +--- com.fasterxml.jackson.core:jackson-annotations:2.8.0
|    |    \--- com.fasterxml.jackson.core:jackson-core:2.8.8
|    +--- org.springframework:spring-web:4.3.8.RELEASE
|    |    +--- org.springframework:spring-aop:4.3.8.RELEASE (*)
|    |    +--- org.springframework:spring-beans:4.3.8.RELEASE (*)
|    |    +--- org.springframework:spring-context:4.3.8.RELEASE (*)
|    |    \--- org.springframework:spring-core:4.3.8.RELEASE
|    \--- org.springframework:spring-webmvc:4.3.8.RELEASE
|         +--- org.springframework:spring-aop:4.3.8.RELEASE (*)
|         +--- org.springframework:spring-beans:4.3.8.RELEASE (*)
|         +--- org.springframework:spring-context:4.3.8.RELEASE (*)
|         +--- org.springframework:spring-core:4.3.8.RELEASE
|         +--- org.springframework:spring-expression:4.3.8.RELEASE (*)
|         \--- org.springframework:spring-web:4.3.8.RELEASE (*)
+--- org.jolokia:jolokia-core:1.3.6
|    \--- com.googlecode.json-simple:json-simple:1.1.1
+--- org.apache.activemq:activemq-broker: -> 5.14.5 (*)
\--- com.fasterxml.jackson.core:jackson-databind: -> 2.8.8 (*)

compileOnly - Compile dependencies for source set 'main'.
+--- org.springframework.boot:spring-boot-starter-activemq: -> 1.5.3.RELEASE
|    +--- org.springframework.boot:spring-boot-starter:1.5.3.RELEASE
|    |    +--- org.springframework.boot:spring-boot:1.5.3.RELEASE
|    |    |    +--- org.springframework:spring-core:4.3.8.RELEASE
|    |    |    \--- org.springframework:spring-context:4.3.8.RELEASE
|    |    |         +--- org.springframework:spring-aop:4.3.8.RELEASE
|    |    |         |    +--- org.springframework:spring-beans:4.3.8.RELEASE
|    |    |         |    |    \--- org.springframework:spring-core:4.3.8.RELEASE
|    |    |         |    \--- org.springframework:spring-core:4.3.8.RELEASE
|    |    |         +--- org.springframework:spring-beans:4.3.8.RELEASE (*)
|    |    |         +--- org.springframework:spring-core:4.3.8.RELEASE
|    |    |         \--- org.springframework:spring-expression:4.3.8.RELEASE
|    |    |              \--- org.springframework:spring-core:4.3.8.RELEASE
|    |    +--- org.springframework.boot:spring-boot-autoconfigure:1.5.3.RELEASE
|    |    |    \--- org.springframework.boot:spring-boot:1.5.3.RELEASE (*)
|    |    +--- org.springframework.boot:spring-boot-starter-logging:1.5.3.RELEASE
|    |    |    +--- ch.qos.logback:logback-classic:1.1.11
|    |    |    |    +--- ch.qos.logback:logback-core:1.1.11
|    |    |    |    \--- org.slf4j:slf4j-api:1.7.22 -> 1.7.25
|    |    |    +--- org.slf4j:jcl-over-slf4j:1.7.25
|    |    |    |    \--- org.slf4j:slf4j-api:1.7.25
|    |    |    +--- org.slf4j:jul-to-slf4j:1.7.25
|    |    |    |    \--- org.slf4j:slf4j-api:1.7.25
|    |    |    \--- org.slf4j:log4j-over-slf4j:1.7.25
|    |    |         \--- org.slf4j:slf4j-api:1.7.25
|    |    +--- org.springframework:spring-core:4.3.8.RELEASE
|    |    \--- org.yaml:snakeyaml:1.17
|    +--- org.springframework:spring-jms:4.3.8.RELEASE
|    |    +--- org.springframework:spring-aop:4.3.8.RELEASE (*)
|    |    +--- org.springframework:spring-beans:4.3.8.RELEASE (*)
|    |    +--- org.springframework:spring-context:4.3.8.RELEASE (*)
|    |    +--- org.springframework:spring-core:4.3.8.RELEASE
|    |    +--- org.springframework:spring-messaging:4.3.8.RELEASE
|    |    |    +--- org.springframework:spring-beans:4.3.8.RELEASE (*)
|    |    |    +--- org.springframework:spring-context:4.3.8.RELEASE (*)
|    |    |    \--- org.springframework:spring-core:4.3.8.RELEASE
|    |    \--- org.springframework:spring-tx:4.3.8.RELEASE
|    |         +--- org.springframework:spring-beans:4.3.8.RELEASE (*)
|    |         \--- org.springframework:spring-core:4.3.8.RELEASE
|    \--- org.apache.activemq:activemq-broker:5.14.5
|         +--- org.apache.activemq:activemq-client:5.14.5
|         |    +--- org.slf4j:slf4j-api:1.7.13 -> 1.7.25
|         |    +--- org.apache.geronimo.specs:geronimo-jms_1.1_spec:1.1.1
|         |    +--- org.fusesource.hawtbuf:hawtbuf:1.11
|         |    \--- org.apache.geronimo.specs:geronimo-j2ee-management_1.1_spec:1.0.1
|         \--- org.apache.activemq:activemq-openwire-legacy:5.14.5
|              \--- org.apache.activemq:activemq-client:5.14.5 (*)
+--- org.springframework.boot:spring-boot-starter-web: -> 1.5.3.RELEASE
|    +--- org.springframework.boot:spring-boot-starter:1.5.3.RELEASE (*)
|    +--- org.springframework.boot:spring-boot-starter-tomcat:1.5.3.RELEASE
|    |    +--- org.apache.tomcat.embed:tomcat-embed-core:8.5.14
|    |    +--- org.apache.tomcat.embed:tomcat-embed-el:8.5.14
|    |    \--- org.apache.tomcat.embed:tomcat-embed-websocket:8.5.14
|    |         \--- org.apache.tomcat.embed:tomcat-embed-core:8.5.14
|    +--- org.hibernate:hibernate-validator:5.3.5.Final
|    |    +--- javax.validation:validation-api:1.1.0.Final
|    |    +--- org.jboss.logging:jboss-logging:3.3.0.Final -> 3.3.1.Final
|    |    \--- com.fasterxml:classmate:1.3.1 -> 1.3.3
|    +--- com.fasterxml.jackson.core:jackson-databind:2.8.8
|    |    +--- com.fasterxml.jackson.core:jackson-annotations:2.8.0
|    |    \--- com.fasterxml.jackson.core:jackson-core:2.8.8
|    +--- org.springframework:spring-web:4.3.8.RELEASE
|    |    +--- org.springframework:spring-aop:4.3.8.RELEASE (*)
|    |    +--- org.springframework:spring-beans:4.3.8.RELEASE (*)
|    |    +--- org.springframework:spring-context:4.3.8.RELEASE (*)
|    |    \--- org.springframework:spring-core:4.3.8.RELEASE
|    \--- org.springframework:spring-webmvc:4.3.8.RELEASE
|         +--- org.springframework:spring-aop:4.3.8.RELEASE (*)
|         +--- org.springframework:spring-beans:4.3.8.RELEASE (*)
|         +--- org.springframework:spring-context:4.3.8.RELEASE (*)
|         +--- org.springframework:spring-core:4.3.8.RELEASE
|         +--- org.springframework:spring-expression:4.3.8.RELEASE (*)
|         \--- org.springframework:spring-web:4.3.8.RELEASE (*)
+--- org.jolokia:jolokia-core:1.3.6
|    \--- com.googlecode.json-simple:json-simple:1.1.1
+--- org.apache.activemq:activemq-broker: -> 5.14.5 (*)
\--- com.fasterxml.jackson.core:jackson-databind: -> 2.8.8 (*)

default - Configuration for default artifacts.
+--- org.springframework.boot:spring-boot-starter-activemq: -> 1.5.3.RELEASE
|    +--- org.springframework.boot:spring-boot-starter:1.5.3.RELEASE
|    |    +--- org.springframework.boot:spring-boot:1.5.3.RELEASE
|    |    |    +--- org.springframework:spring-core:4.3.8.RELEASE
|    |    |    \--- org.springframework:spring-context:4.3.8.RELEASE
|    |    |         +--- org.springframework:spring-aop:4.3.8.RELEASE
|    |    |         |    +--- org.springframework:spring-beans:4.3.8.RELEASE
|    |    |         |    |    \--- org.springframework:spring-core:4.3.8.RELEASE
|    |    |         |    \--- org.springframework:spring-core:4.3.8.RELEASE
|    |    |         +--- org.springframework:spring-beans:4.3.8.RELEASE (*)
|    |    |         +--- org.springframework:spring-core:4.3.8.RELEASE
|    |    |         \--- org.springframework:spring-expression:4.3.8.RELEASE
|    |    |              \--- org.springframework:spring-core:4.3.8.RELEASE
|    |    +--- org.springframework.boot:spring-boot-autoconfigure:1.5.3.RELEASE
|    |    |    \--- org.springframework.boot:spring-boot:1.5.3.RELEASE (*)
|    |    +--- org.springframework.boot:spring-boot-starter-logging:1.5.3.RELEASE
|    |    |    +--- ch.qos.logback:logback-classic:1.1.11
|    |    |    |    +--- ch.qos.logback:logback-core:1.1.11
|    |    |    |    \--- org.slf4j:slf4j-api:1.7.22 -> 1.7.25
|    |    |    +--- org.slf4j:jcl-over-slf4j:1.7.25
|    |    |    |    \--- org.slf4j:slf4j-api:1.7.25
|    |    |    +--- org.slf4j:jul-to-slf4j:1.7.25
|    |    |    |    \--- org.slf4j:slf4j-api:1.7.25
|    |    |    \--- org.slf4j:log4j-over-slf4j:1.7.25
|    |    |         \--- org.slf4j:slf4j-api:1.7.25
|    |    +--- org.springframework:spring-core:4.3.8.RELEASE
|    |    \--- org.yaml:snakeyaml:1.17
|    +--- org.springframework:spring-jms:4.3.8.RELEASE
|    |    +--- org.springframework:spring-aop:4.3.8.RELEASE (*)
|    |    +--- org.springframework:spring-beans:4.3.8.RELEASE (*)
|    |    +--- org.springframework:spring-context:4.3.8.RELEASE (*)
|    |    +--- org.springframework:spring-core:4.3.8.RELEASE
|    |    +--- org.springframework:spring-messaging:4.3.8.RELEASE
|    |    |    +--- org.springframework:spring-beans:4.3.8.RELEASE (*)
|    |    |    +--- org.springframework:spring-context:4.3.8.RELEASE (*)
|    |    |    \--- org.springframework:spring-core:4.3.8.RELEASE
|    |    \--- org.springframework:spring-tx:4.3.8.RELEASE
|    |         +--- org.springframework:spring-beans:4.3.8.RELEASE (*)
|    |         \--- org.springframework:spring-core:4.3.8.RELEASE
|    \--- org.apache.activemq:activemq-broker:5.14.5
|         +--- org.apache.activemq:activemq-client:5.14.5
|         |    +--- org.slf4j:slf4j-api:1.7.13 -> 1.7.25
|         |    +--- org.apache.geronimo.specs:geronimo-jms_1.1_spec:1.1.1
|         |    +--- org.fusesource.hawtbuf:hawtbuf:1.11
|         |    \--- org.apache.geronimo.specs:geronimo-j2ee-management_1.1_spec:1.0.1
|         \--- org.apache.activemq:activemq-openwire-legacy:5.14.5
|              \--- org.apache.activemq:activemq-client:5.14.5 (*)
+--- org.springframework.boot:spring-boot-starter-web: -> 1.5.3.RELEASE
|    +--- org.springframework.boot:spring-boot-starter:1.5.3.RELEASE (*)
|    +--- org.springframework.boot:spring-boot-starter-tomcat:1.5.3.RELEASE
|    |    +--- org.apache.tomcat.embed:tomcat-embed-core:8.5.14
|    |    +--- org.apache.tomcat.embed:tomcat-embed-el:8.5.14
|    |    \--- org.apache.tomcat.embed:tomcat-embed-websocket:8.5.14
|    |         \--- org.apache.tomcat.embed:tomcat-embed-core:8.5.14
|    +--- org.hibernate:hibernate-validator:5.3.5.Final
|    |    +--- javax.validation:validation-api:1.1.0.Final
|    |    +--- org.jboss.logging:jboss-logging:3.3.0.Final -> 3.3.1.Final
|    |    \--- com.fasterxml:classmate:1.3.1 -> 1.3.3
|    +--- com.fasterxml.jackson.core:jackson-databind:2.8.8
|    |    +--- com.fasterxml.jackson.core:jackson-annotations:2.8.0
|    |    \--- com.fasterxml.jackson.core:jackson-core:2.8.8
|    +--- org.springframework:spring-web:4.3.8.RELEASE
|    |    +--- org.springframework:spring-aop:4.3.8.RELEASE (*)
|    |    +--- org.springframework:spring-beans:4.3.8.RELEASE (*)
|    |    +--- org.springframework:spring-context:4.3.8.RELEASE (*)
|    |    \--- org.springframework:spring-core:4.3.8.RELEASE
|    \--- org.springframework:spring-webmvc:4.3.8.RELEASE
|         +--- org.springframework:spring-aop:4.3.8.RELEASE (*)
|         +--- org.springframework:spring-beans:4.3.8.RELEASE (*)
|         +--- org.springframework:spring-context:4.3.8.RELEASE (*)
|         +--- org.springframework:spring-core:4.3.8.RELEASE
|         +--- org.springframework:spring-expression:4.3.8.RELEASE (*)
|         \--- org.springframework:spring-web:4.3.8.RELEASE (*)
+--- org.jolokia:jolokia-core:1.3.6
|    \--- com.googlecode.json-simple:json-simple:1.1.1
+--- org.apache.activemq:activemq-broker: -> 5.14.5 (*)
\--- com.fasterxml.jackson.core:jackson-databind: -> 2.8.8 (*)

runtime - Runtime dependencies for source set 'main'.
+--- org.springframework.boot:spring-boot-starter-activemq: -> 1.5.3.RELEASE
|    +--- org.springframework.boot:spring-boot-starter:1.5.3.RELEASE
|    |    +--- org.springframework.boot:spring-boot:1.5.3.RELEASE
|    |    |    +--- org.springframework:spring-core:4.3.8.RELEASE
|    |    |    \--- org.springframework:spring-context:4.3.8.RELEASE
|    |    |         +--- org.springframework:spring-aop:4.3.8.RELEASE
|    |    |         |    +--- org.springframework:spring-beans:4.3.8.RELEASE
|    |    |         |    |    \--- org.springframework:spring-core:4.3.8.RELEASE
|    |    |         |    \--- org.springframework:spring-core:4.3.8.RELEASE
|    |    |         +--- org.springframework:spring-beans:4.3.8.RELEASE (*)
|    |    |         +--- org.springframework:spring-core:4.3.8.RELEASE
|    |    |         \--- org.springframework:spring-expression:4.3.8.RELEASE
|    |    |              \--- org.springframework:spring-core:4.3.8.RELEASE
|    |    +--- org.springframework.boot:spring-boot-autoconfigure:1.5.3.RELEASE
|    |    |    \--- org.springframework.boot:spring-boot:1.5.3.RELEASE (*)
|    |    +--- org.springframework.boot:spring-boot-starter-logging:1.5.3.RELEASE
|    |    |    +--- ch.qos.logback:logback-classic:1.1.11
|    |    |    |    +--- ch.qos.logback:logback-core:1.1.11
|    |    |    |    \--- org.slf4j:slf4j-api:1.7.22 -> 1.7.25
|    |    |    +--- org.slf4j:jcl-over-slf4j:1.7.25
|    |    |    |    \--- org.slf4j:slf4j-api:1.7.25
|    |    |    +--- org.slf4j:jul-to-slf4j:1.7.25
|    |    |    |    \--- org.slf4j:slf4j-api:1.7.25
|    |    |    \--- org.slf4j:log4j-over-slf4j:1.7.25
|    |    |         \--- org.slf4j:slf4j-api:1.7.25
|    |    +--- org.springframework:spring-core:4.3.8.RELEASE
|    |    \--- org.yaml:snakeyaml:1.17
|    +--- org.springframework:spring-jms:4.3.8.RELEASE
|    |    +--- org.springframework:spring-aop:4.3.8.RELEASE (*)
|    |    +--- org.springframework:spring-beans:4.3.8.RELEASE (*)
|    |    +--- org.springframework:spring-context:4.3.8.RELEASE (*)
|    |    +--- org.springframework:spring-core:4.3.8.RELEASE
|    |    +--- org.springframework:spring-messaging:4.3.8.RELEASE
|    |    |    +--- org.springframework:spring-beans:4.3.8.RELEASE (*)
|    |    |    +--- org.springframework:spring-context:4.3.8.RELEASE (*)
|    |    |    \--- org.springframework:spring-core:4.3.8.RELEASE
|    |    \--- org.springframework:spring-tx:4.3.8.RELEASE
|    |         +--- org.springframework:spring-beans:4.3.8.RELEASE (*)
|    |         \--- org.springframework:spring-core:4.3.8.RELEASE
|    \--- org.apache.activemq:activemq-broker:5.14.5
|         +--- org.apache.activemq:activemq-client:5.14.5
|         |    +--- org.slf4j:slf4j-api:1.7.13 -> 1.7.25
|         |    +--- org.apache.geronimo.specs:geronimo-jms_1.1_spec:1.1.1
|         |    +--- org.fusesource.hawtbuf:hawtbuf:1.11
|         |    \--- org.apache.geronimo.specs:geronimo-j2ee-management_1.1_spec:1.0.1
|         \--- org.apache.activemq:activemq-openwire-legacy:5.14.5
|              \--- org.apache.activemq:activemq-client:5.14.5 (*)
+--- org.springframework.boot:spring-boot-starter-web: -> 1.5.3.RELEASE
|    +--- org.springframework.boot:spring-boot-starter:1.5.3.RELEASE (*)
|    +--- org.springframework.boot:spring-boot-starter-tomcat:1.5.3.RELEASE
|    |    +--- org.apache.tomcat.embed:tomcat-embed-core:8.5.14
|    |    +--- org.apache.tomcat.embed:tomcat-embed-el:8.5.14
|    |    \--- org.apache.tomcat.embed:tomcat-embed-websocket:8.5.14
|    |         \--- org.apache.tomcat.embed:tomcat-embed-core:8.5.14
|    +--- org.hibernate:hibernate-validator:5.3.5.Final
|    |    +--- javax.validation:validation-api:1.1.0.Final
|    |    +--- org.jboss.logging:jboss-logging:3.3.0.Final -> 3.3.1.Final
|    |    \--- com.fasterxml:classmate:1.3.1 -> 1.3.3
|    +--- com.fasterxml.jackson.core:jackson-databind:2.8.8
|    |    +--- com.fasterxml.jackson.core:jackson-annotations:2.8.0
|    |    \--- com.fasterxml.jackson.core:jackson-core:2.8.8
|    +--- org.springframework:spring-web:4.3.8.RELEASE
|    |    +--- org.springframework:spring-aop:4.3.8.RELEASE (*)
|    |    +--- org.springframework:spring-beans:4.3.8.RELEASE (*)
|    |    +--- org.springframework:spring-context:4.3.8.RELEASE (*)
|    |    \--- org.springframework:spring-core:4.3.8.RELEASE
|    \--- org.springframework:spring-webmvc:4.3.8.RELEASE
|         +--- org.springframework:spring-aop:4.3.8.RELEASE (*)
|         +--- org.springframework:spring-beans:4.3.8.RELEASE (*)
|         +--- org.springframework:spring-context:4.3.8.RELEASE (*)
|         +--- org.springframework:spring-core:4.3.8.RELEASE
|         +--- org.springframework:spring-expression:4.3.8.RELEASE (*)
|         \--- org.springframework:spring-web:4.3.8.RELEASE (*)
+--- org.jolokia:jolokia-core:1.3.6
|    \--- com.googlecode.json-simple:json-simple:1.1.1
+--- org.apache.activemq:activemq-broker: -> 5.14.5 (*)
\--- com.fasterxml.jackson.core:jackson-databind: -> 2.8.8 (*)

testCompile - Dependencies for source set 'test'.
+--- org.springframework.boot:spring-boot-starter-activemq: -> 1.5.3.RELEASE
|    +--- org.springframework.boot:spring-boot-starter:1.5.3.RELEASE
|    |    +--- org.springframework.boot:spring-boot:1.5.3.RELEASE
|    |    |    +--- org.springframework:spring-core:4.3.8.RELEASE
|    |    |    \--- org.springframework:spring-context:4.3.8.RELEASE
|    |    |         +--- org.springframework:spring-aop:4.3.8.RELEASE
|    |    |         |    +--- org.springframework:spring-beans:4.3.8.RELEASE
|    |    |         |    |    \--- org.springframework:spring-core:4.3.8.RELEASE
|    |    |         |    \--- org.springframework:spring-core:4.3.8.RELEASE
|    |    |         +--- org.springframework:spring-beans:4.3.8.RELEASE (*)
|    |    |         +--- org.springframework:spring-core:4.3.8.RELEASE
|    |    |         \--- org.springframework:spring-expression:4.3.8.RELEASE
|    |    |              \--- org.springframework:spring-core:4.3.8.RELEASE
|    |    +--- org.springframework.boot:spring-boot-autoconfigure:1.5.3.RELEASE
|    |    |    \--- org.springframework.boot:spring-boot:1.5.3.RELEASE (*)
|    |    +--- org.springframework.boot:spring-boot-starter-logging:1.5.3.RELEASE
|    |    |    +--- ch.qos.logback:logback-classic:1.1.11
|    |    |    |    +--- ch.qos.logback:logback-core:1.1.11
|    |    |    |    \--- org.slf4j:slf4j-api:1.7.22 -> 1.7.25
|    |    |    +--- org.slf4j:jcl-over-slf4j:1.7.25
|    |    |    |    \--- org.slf4j:slf4j-api:1.7.25
|    |    |    +--- org.slf4j:jul-to-slf4j:1.7.25
|    |    |    |    \--- org.slf4j:slf4j-api:1.7.25
|    |    |    \--- org.slf4j:log4j-over-slf4j:1.7.25
|    |    |         \--- org.slf4j:slf4j-api:1.7.25
|    |    +--- org.springframework:spring-core:4.3.8.RELEASE
|    |    \--- org.yaml:snakeyaml:1.17
|    +--- org.springframework:spring-jms:4.3.8.RELEASE
|    |    +--- org.springframework:spring-aop:4.3.8.RELEASE (*)
|    |    +--- org.springframework:spring-beans:4.3.8.RELEASE (*)
|    |    +--- org.springframework:spring-context:4.3.8.RELEASE (*)
|    |    +--- org.springframework:spring-core:4.3.8.RELEASE
|    |    +--- org.springframework:spring-messaging:4.3.8.RELEASE
|    |    |    +--- org.springframework:spring-beans:4.3.8.RELEASE (*)
|    |    |    +--- org.springframework:spring-context:4.3.8.RELEASE (*)
|    |    |    \--- org.springframework:spring-core:4.3.8.RELEASE
|    |    \--- org.springframework:spring-tx:4.3.8.RELEASE
|    |         +--- org.springframework:spring-beans:4.3.8.RELEASE (*)
|    |         \--- org.springframework:spring-core:4.3.8.RELEASE
|    \--- org.apache.activemq:activemq-broker:5.14.5
|         +--- org.apache.activemq:activemq-client:5.14.5
|         |    +--- org.slf4j:slf4j-api:1.7.13 -> 1.7.25
|         |    +--- org.apache.geronimo.specs:geronimo-jms_1.1_spec:1.1.1
|         |    +--- org.fusesource.hawtbuf:hawtbuf:1.11
|         |    \--- org.apache.geronimo.specs:geronimo-j2ee-management_1.1_spec:1.0.1
|         \--- org.apache.activemq:activemq-openwire-legacy:5.14.5
|              \--- org.apache.activemq:activemq-client:5.14.5 (*)
+--- org.springframework.boot:spring-boot-starter-web: -> 1.5.3.RELEASE
|    +--- org.springframework.boot:spring-boot-starter:1.5.3.RELEASE (*)
|    +--- org.springframework.boot:spring-boot-starter-tomcat:1.5.3.RELEASE
|    |    +--- org.apache.tomcat.embed:tomcat-embed-core:8.5.14
|    |    +--- org.apache.tomcat.embed:tomcat-embed-el:8.5.14
|    |    \--- org.apache.tomcat.embed:tomcat-embed-websocket:8.5.14
|    |         \--- org.apache.tomcat.embed:tomcat-embed-core:8.5.14
|    +--- org.hibernate:hibernate-validator:5.3.5.Final
|    |    +--- javax.validation:validation-api:1.1.0.Final
|    |    +--- org.jboss.logging:jboss-logging:3.3.0.Final -> 3.3.1.Final
|    |    \--- com.fasterxml:classmate:1.3.1 -> 1.3.3
|    +--- com.fasterxml.jackson.core:jackson-databind:2.8.8
|    |    +--- com.fasterxml.jackson.core:jackson-annotations:2.8.0
|    |    \--- com.fasterxml.jackson.core:jackson-core:2.8.8
|    +--- org.springframework:spring-web:4.3.8.RELEASE
|    |    +--- org.springframework:spring-aop:4.3.8.RELEASE (*)
|    |    +--- org.springframework:spring-beans:4.3.8.RELEASE (*)
|    |    +--- org.springframework:spring-context:4.3.8.RELEASE (*)
|    |    \--- org.springframework:spring-core:4.3.8.RELEASE
|    \--- org.springframework:spring-webmvc:4.3.8.RELEASE
|         +--- org.springframework:spring-aop:4.3.8.RELEASE (*)
|         +--- org.springframework:spring-beans:4.3.8.RELEASE (*)
|         +--- org.springframework:spring-context:4.3.8.RELEASE (*)
|         +--- org.springframework:spring-core:4.3.8.RELEASE
|         +--- org.springframework:spring-expression:4.3.8.RELEASE (*)
|         \--- org.springframework:spring-web:4.3.8.RELEASE (*)
+--- org.jolokia:jolokia-core:1.3.6
|    \--- com.googlecode.json-simple:json-simple:1.1.1
+--- org.apache.activemq:activemq-broker: -> 5.14.5 (*)
\--- com.fasterxml.jackson.core:jackson-databind: -> 2.8.8 (*)

testCompileClasspath - Compile classpath for source set 'test'.
+--- org.springframework.boot:spring-boot-starter-activemq: -> 1.5.3.RELEASE
|    +--- org.springframework.boot:spring-boot-starter:1.5.3.RELEASE
|    |    +--- org.springframework.boot:spring-boot:1.5.3.RELEASE
|    |    |    +--- org.springframework:spring-core:4.3.8.RELEASE
|    |    |    \--- org.springframework:spring-context:4.3.8.RELEASE
|    |    |         +--- org.springframework:spring-aop:4.3.8.RELEASE
|    |    |         |    +--- org.springframework:spring-beans:4.3.8.RELEASE
|    |    |         |    |    \--- org.springframework:spring-core:4.3.8.RELEASE
|    |    |         |    \--- org.springframework:spring-core:4.3.8.RELEASE
|    |    |         +--- org.springframework:spring-beans:4.3.8.RELEASE (*)
|    |    |         +--- org.springframework:spring-core:4.3.8.RELEASE
|    |    |         \--- org.springframework:spring-expression:4.3.8.RELEASE
|    |    |              \--- org.springframework:spring-core:4.3.8.RELEASE
|    |    +--- org.springframework.boot:spring-boot-autoconfigure:1.5.3.RELEASE
|    |    |    \--- org.springframework.boot:spring-boot:1.5.3.RELEASE (*)
|    |    +--- org.springframework.boot:spring-boot-starter-logging:1.5.3.RELEASE
|    |    |    +--- ch.qos.logback:logback-classic:1.1.11
|    |    |    |    +--- ch.qos.logback:logback-core:1.1.11
|    |    |    |    \--- org.slf4j:slf4j-api:1.7.22 -> 1.7.25
|    |    |    +--- org.slf4j:jcl-over-slf4j:1.7.25
|    |    |    |    \--- org.slf4j:slf4j-api:1.7.25
|    |    |    +--- org.slf4j:jul-to-slf4j:1.7.25
|    |    |    |    \--- org.slf4j:slf4j-api:1.7.25
|    |    |    \--- org.slf4j:log4j-over-slf4j:1.7.25
|    |    |         \--- org.slf4j:slf4j-api:1.7.25
|    |    +--- org.springframework:spring-core:4.3.8.RELEASE
|    |    \--- org.yaml:snakeyaml:1.17
|    +--- org.springframework:spring-jms:4.3.8.RELEASE
|    |    +--- org.springframework:spring-aop:4.3.8.RELEASE (*)
|    |    +--- org.springframework:spring-beans:4.3.8.RELEASE (*)
|    |    +--- org.springframework:spring-context:4.3.8.RELEASE (*)
|    |    +--- org.springframework:spring-core:4.3.8.RELEASE
|    |    +--- org.springframework:spring-messaging:4.3.8.RELEASE
|    |    |    +--- org.springframework:spring-beans:4.3.8.RELEASE (*)
|    |    |    +--- org.springframework:spring-context:4.3.8.RELEASE (*)
|    |    |    \--- org.springframework:spring-core:4.3.8.RELEASE
|    |    \--- org.springframework:spring-tx:4.3.8.RELEASE
|    |         +--- org.springframework:spring-beans:4.3.8.RELEASE (*)
|    |         \--- org.springframework:spring-core:4.3.8.RELEASE
|    \--- org.apache.activemq:activemq-broker:5.14.5
|         +--- org.apache.activemq:activemq-client:5.14.5
|         |    +--- org.slf4j:slf4j-api:1.7.13 -> 1.7.25
|         |    +--- org.apache.geronimo.specs:geronimo-jms_1.1_spec:1.1.1
|         |    +--- org.fusesource.hawtbuf:hawtbuf:1.11
|         |    \--- org.apache.geronimo.specs:geronimo-j2ee-management_1.1_spec:1.0.1
|         \--- org.apache.activemq:activemq-openwire-legacy:5.14.5
|              \--- org.apache.activemq:activemq-client:5.14.5 (*)
+--- org.springframework.boot:spring-boot-starter-web: -> 1.5.3.RELEASE
|    +--- org.springframework.boot:spring-boot-starter:1.5.3.RELEASE (*)
|    +--- org.springframework.boot:spring-boot-starter-tomcat:1.5.3.RELEASE
|    |    +--- org.apache.tomcat.embed:tomcat-embed-core:8.5.14
|    |    +--- org.apache.tomcat.embed:tomcat-embed-el:8.5.14
|    |    \--- org.apache.tomcat.embed:tomcat-embed-websocket:8.5.14
|    |         \--- org.apache.tomcat.embed:tomcat-embed-core:8.5.14
|    +--- org.hibernate:hibernate-validator:5.3.5.Final
|    |    +--- javax.validation:validation-api:1.1.0.Final
|    |    +--- org.jboss.logging:jboss-logging:3.3.0.Final -> 3.3.1.Final
|    |    \--- com.fasterxml:classmate:1.3.1 -> 1.3.3
|    +--- com.fasterxml.jackson.core:jackson-databind:2.8.8
|    |    +--- com.fasterxml.jackson.core:jackson-annotations:2.8.0
|    |    \--- com.fasterxml.jackson.core:jackson-core:2.8.8
|    +--- org.springframework:spring-web:4.3.8.RELEASE
|    |    +--- org.springframework:spring-aop:4.3.8.RELEASE (*)
|    |    +--- org.springframework:spring-beans:4.3.8.RELEASE (*)
|    |    +--- org.springframework:spring-context:4.3.8.RELEASE (*)
|    |    \--- org.springframework:spring-core:4.3.8.RELEASE
|    \--- org.springframework:spring-webmvc:4.3.8.RELEASE
|         +--- org.springframework:spring-aop:4.3.8.RELEASE (*)
|         +--- org.springframework:spring-beans:4.3.8.RELEASE (*)
|         +--- org.springframework:spring-context:4.3.8.RELEASE (*)
|         +--- org.springframework:spring-core:4.3.8.RELEASE
|         +--- org.springframework:spring-expression:4.3.8.RELEASE (*)
|         \--- org.springframework:spring-web:4.3.8.RELEASE (*)
+--- org.jolokia:jolokia-core:1.3.6
|    \--- com.googlecode.json-simple:json-simple:1.1.1
+--- org.apache.activemq:activemq-broker: -> 5.14.5 (*)
\--- com.fasterxml.jackson.core:jackson-databind: -> 2.8.8 (*)

testCompileOnly - Compile dependencies for source set 'test'.
+--- org.springframework.boot:spring-boot-starter-activemq: -> 1.5.3.RELEASE
|    +--- org.springframework.boot:spring-boot-starter:1.5.3.RELEASE
|    |    +--- org.springframework.boot:spring-boot:1.5.3.RELEASE
|    |    |    +--- org.springframework:spring-core:4.3.8.RELEASE
|    |    |    \--- org.springframework:spring-context:4.3.8.RELEASE
|    |    |         +--- org.springframework:spring-aop:4.3.8.RELEASE
|    |    |         |    +--- org.springframework:spring-beans:4.3.8.RELEASE
|    |    |         |    |    \--- org.springframework:spring-core:4.3.8.RELEASE
|    |    |         |    \--- org.springframework:spring-core:4.3.8.RELEASE
|    |    |         +--- org.springframework:spring-beans:4.3.8.RELEASE (*)
|    |    |         +--- org.springframework:spring-core:4.3.8.RELEASE
|    |    |         \--- org.springframework:spring-expression:4.3.8.RELEASE
|    |    |              \--- org.springframework:spring-core:4.3.8.RELEASE
|    |    +--- org.springframework.boot:spring-boot-autoconfigure:1.5.3.RELEASE
|    |    |    \--- org.springframework.boot:spring-boot:1.5.3.RELEASE (*)
|    |    +--- org.springframework.boot:spring-boot-starter-logging:1.5.3.RELEASE
|    |    |    +--- ch.qos.logback:logback-classic:1.1.11
|    |    |    |    +--- ch.qos.logback:logback-core:1.1.11
|    |    |    |    \--- org.slf4j:slf4j-api:1.7.22 -> 1.7.25
|    |    |    +--- org.slf4j:jcl-over-slf4j:1.7.25
|    |    |    |    \--- org.slf4j:slf4j-api:1.7.25
|    |    |    +--- org.slf4j:jul-to-slf4j:1.7.25
|    |    |    |    \--- org.slf4j:slf4j-api:1.7.25
|    |    |    \--- org.slf4j:log4j-over-slf4j:1.7.25
|    |    |         \--- org.slf4j:slf4j-api:1.7.25
|    |    +--- org.springframework:spring-core:4.3.8.RELEASE
|    |    \--- org.yaml:snakeyaml:1.17
|    +--- org.springframework:spring-jms:4.3.8.RELEASE
|    |    +--- org.springframework:spring-aop:4.3.8.RELEASE (*)
|    |    +--- org.springframework:spring-beans:4.3.8.RELEASE (*)
|    |    +--- org.springframework:spring-context:4.3.8.RELEASE (*)
|    |    +--- org.springframework:spring-core:4.3.8.RELEASE
|    |    +--- org.springframework:spring-messaging:4.3.8.RELEASE
|    |    |    +--- org.springframework:spring-beans:4.3.8.RELEASE (*)
|    |    |    +--- org.springframework:spring-context:4.3.8.RELEASE (*)
|    |    |    \--- org.springframework:spring-core:4.3.8.RELEASE
|    |    \--- org.springframework:spring-tx:4.3.8.RELEASE
|    |         +--- org.springframework:spring-beans:4.3.8.RELEASE (*)
|    |         \--- org.springframework:spring-core:4.3.8.RELEASE
|    \--- org.apache.activemq:activemq-broker:5.14.5
|         +--- org.apache.activemq:activemq-client:5.14.5
|         |    +--- org.slf4j:slf4j-api:1.7.13 -> 1.7.25
|         |    +--- org.apache.geronimo.specs:geronimo-jms_1.1_spec:1.1.1
|         |    +--- org.fusesource.hawtbuf:hawtbuf:1.11
|         |    \--- org.apache.geronimo.specs:geronimo-j2ee-management_1.1_spec:1.0.1
|         \--- org.apache.activemq:activemq-openwire-legacy:5.14.5
|              \--- org.apache.activemq:activemq-client:5.14.5 (*)
+--- org.springframework.boot:spring-boot-starter-web: -> 1.5.3.RELEASE
|    +--- org.springframework.boot:spring-boot-starter:1.5.3.RELEASE (*)
|    +--- org.springframework.boot:spring-boot-starter-tomcat:1.5.3.RELEASE
|    |    +--- org.apache.tomcat.embed:tomcat-embed-core:8.5.14
|    |    +--- org.apache.tomcat.embed:tomcat-embed-el:8.5.14
|    |    \--- org.apache.tomcat.embed:tomcat-embed-websocket:8.5.14
|    |         \--- org.apache.tomcat.embed:tomcat-embed-core:8.5.14
|    +--- org.hibernate:hibernate-validator:5.3.5.Final
|    |    +--- javax.validation:validation-api:1.1.0.Final
|    |    +--- org.jboss.logging:jboss-logging:3.3.0.Final -> 3.3.1.Final
|    |    \--- com.fasterxml:classmate:1.3.1 -> 1.3.3
|    +--- com.fasterxml.jackson.core:jackson-databind:2.8.8
|    |    +--- com.fasterxml.jackson.core:jackson-annotations:2.8.0
|    |    \--- com.fasterxml.jackson.core:jackson-core:2.8.8
|    +--- org.springframework:spring-web:4.3.8.RELEASE
|    |    +--- org.springframework:spring-aop:4.3.8.RELEASE (*)
|    |    +--- org.springframework:spring-beans:4.3.8.RELEASE (*)
|    |    +--- org.springframework:spring-context:4.3.8.RELEASE (*)
|    |    \--- org.springframework:spring-core:4.3.8.RELEASE
|    \--- org.springframework:spring-webmvc:4.3.8.RELEASE
|         +--- org.springframework:spring-aop:4.3.8.RELEASE (*)
|         +--- org.springframework:spring-beans:4.3.8.RELEASE (*)
|         +--- org.springframework:spring-context:4.3.8.RELEASE (*)
|         +--- org.springframework:spring-core:4.3.8.RELEASE
|         +--- org.springframework:spring-expression:4.3.8.RELEASE (*)
|         \--- org.springframework:spring-web:4.3.8.RELEASE (*)
+--- org.jolokia:jolokia-core:1.3.6
|    \--- com.googlecode.json-simple:json-simple:1.1.1
+--- org.apache.activemq:activemq-broker: -> 5.14.5 (*)
\--- com.fasterxml.jackson.core:jackson-databind: -> 2.8.8 (*)

testRuntime - Runtime dependencies for source set 'test'.
+--- org.springframework.boot:spring-boot-starter-activemq: -> 1.5.3.RELEASE
|    +--- org.springframework.boot:spring-boot-starter:1.5.3.RELEASE
|    |    +--- org.springframework.boot:spring-boot:1.5.3.RELEASE
|    |    |    +--- org.springframework:spring-core:4.3.8.RELEASE
|    |    |    \--- org.springframework:spring-context:4.3.8.RELEASE
|    |    |         +--- org.springframework:spring-aop:4.3.8.RELEASE
|    |    |         |    +--- org.springframework:spring-beans:4.3.8.RELEASE
|    |    |         |    |    \--- org.springframework:spring-core:4.3.8.RELEASE
|    |    |         |    \--- org.springframework:spring-core:4.3.8.RELEASE
|    |    |         +--- org.springframework:spring-beans:4.3.8.RELEASE (*)
|    |    |         +--- org.springframework:spring-core:4.3.8.RELEASE
|    |    |         \--- org.springframework:spring-expression:4.3.8.RELEASE
|    |    |              \--- org.springframework:spring-core:4.3.8.RELEASE
|    |    +--- org.springframework.boot:spring-boot-autoconfigure:1.5.3.RELEASE
|    |    |    \--- org.springframework.boot:spring-boot:1.5.3.RELEASE (*)
|    |    +--- org.springframework.boot:spring-boot-starter-logging:1.5.3.RELEASE
|    |    |    +--- ch.qos.logback:logback-classic:1.1.11
|    |    |    |    +--- ch.qos.logback:logback-core:1.1.11
|    |    |    |    \--- org.slf4j:slf4j-api:1.7.22 -> 1.7.25
|    |    |    +--- org.slf4j:jcl-over-slf4j:1.7.25
|    |    |    |    \--- org.slf4j:slf4j-api:1.7.25
|    |    |    +--- org.slf4j:jul-to-slf4j:1.7.25
|    |    |    |    \--- org.slf4j:slf4j-api:1.7.25
|    |    |    \--- org.slf4j:log4j-over-slf4j:1.7.25
|    |    |         \--- org.slf4j:slf4j-api:1.7.25
|    |    +--- org.springframework:spring-core:4.3.8.RELEASE
|    |    \--- org.yaml:snakeyaml:1.17
|    +--- org.springframework:spring-jms:4.3.8.RELEASE
|    |    +--- org.springframework:spring-aop:4.3.8.RELEASE (*)
|    |    +--- org.springframework:spring-beans:4.3.8.RELEASE (*)
|    |    +--- org.springframework:spring-context:4.3.8.RELEASE (*)
|    |    +--- org.springframework:spring-core:4.3.8.RELEASE
|    |    +--- org.springframework:spring-messaging:4.3.8.RELEASE
|    |    |    +--- org.springframework:spring-beans:4.3.8.RELEASE (*)
|    |    |    +--- org.springframework:spring-context:4.3.8.RELEASE (*)
|    |    |    \--- org.springframework:spring-core:4.3.8.RELEASE
|    |    \--- org.springframework:spring-tx:4.3.8.RELEASE
|    |         +--- org.springframework:spring-beans:4.3.8.RELEASE (*)
|    |         \--- org.springframework:spring-core:4.3.8.RELEASE
|    \--- org.apache.activemq:activemq-broker:5.14.5
|         +--- org.apache.activemq:activemq-client:5.14.5
|         |    +--- org.slf4j:slf4j-api:1.7.13 -> 1.7.25
|         |    +--- org.apache.geronimo.specs:geronimo-jms_1.1_spec:1.1.1
|         |    +--- org.fusesource.hawtbuf:hawtbuf:1.11
|         |    \--- org.apache.geronimo.specs:geronimo-j2ee-management_1.1_spec:1.0.1
|         \--- org.apache.activemq:activemq-openwire-legacy:5.14.5
|              \--- org.apache.activemq:activemq-client:5.14.5 (*)
+--- org.springframework.boot:spring-boot-starter-web: -> 1.5.3.RELEASE
|    +--- org.springframework.boot:spring-boot-starter:1.5.3.RELEASE (*)
|    +--- org.springframework.boot:spring-boot-starter-tomcat:1.5.3.RELEASE
|    |    +--- org.apache.tomcat.embed:tomcat-embed-core:8.5.14
|    |    +--- org.apache.tomcat.embed:tomcat-embed-el:8.5.14
|    |    \--- org.apache.tomcat.embed:tomcat-embed-websocket:8.5.14
|    |         \--- org.apache.tomcat.embed:tomcat-embed-core:8.5.14
|    +--- org.hibernate:hibernate-validator:5.3.5.Final
|    |    +--- javax.validation:validation-api:1.1.0.Final
|    |    +--- org.jboss.logging:jboss-logging:3.3.0.Final -> 3.3.1.Final
|    |    \--- com.fasterxml:classmate:1.3.1 -> 1.3.3
|    +--- com.fasterxml.jackson.core:jackson-databind:2.8.8
|    |    +--- com.fasterxml.jackson.core:jackson-annotations:2.8.0
|    |    \--- com.fasterxml.jackson.core:jackson-core:2.8.8
|    +--- org.springframework:spring-web:4.3.8.RELEASE
|    |    +--- org.springframework:spring-aop:4.3.8.RELEASE (*)
|    |    +--- org.springframework:spring-beans:4.3.8.RELEASE (*)
|    |    +--- org.springframework:spring-context:4.3.8.RELEASE (*)
|    |    \--- org.springframework:spring-core:4.3.8.RELEASE
|    \--- org.springframework:spring-webmvc:4.3.8.RELEASE
|         +--- org.springframework:spring-aop:4.3.8.RELEASE (*)
|         +--- org.springframework:spring-beans:4.3.8.RELEASE (*)
|         +--- org.springframework:spring-context:4.3.8.RELEASE (*)
|         +--- org.springframework:spring-core:4.3.8.RELEASE
|         +--- org.springframework:spring-expression:4.3.8.RELEASE (*)
|         \--- org.springframework:spring-web:4.3.8.RELEASE (*)
+--- org.jolokia:jolokia-core:1.3.6
|    \--- com.googlecode.json-simple:json-simple:1.1.1
+--- org.apache.activemq:activemq-broker: -> 5.14.5 (*)
\--- com.fasterxml.jackson.core:jackson-databind: -> 2.8.8 (*)

(*) - dependencies omitted (listed previously)

BUILD SUCCESSFUL

Total time: 2.36 secs
